c:\users\jose_\documents\visual studio 2015\projects\progra_2\progra_2\x64\debug\progra_2.pch
c:\users\jose_\documents\visual studio 2015\projects\progra_2\progra_2\x64\debug\vc140.pdb
c:\users\jose_\documents\visual studio 2015\projects\progra_2\progra_2\x64\debug\vc140.idb
c:\users\jose_\documents\visual studio 2015\projects\progra_2\progra_2\x64\debug\stdafx.obj
c:\users\jose_\documents\visual studio 2015\projects\progra_2\progra_2\x64\debug\progra_2.obj
c:\users\jose_\documents\visual studio 2015\projects\progra_2\progra_2\x64\debug\progra_2dlg.obj
c:\users\jose_\documents\visual studio 2015\projects\progra_2\x64\debug\progra_2.ilk
c:\users\jose_\documents\visual studio 2015\projects\progra_2\x64\debug\progra_2.exe
c:\users\jose_\documents\visual studio 2015\projects\progra_2\x64\debug\progra_2.pdb
c:\users\jose_\documents\visual studio 2015\projects\progra_2\progra_2\x64\debug\image.obj
c:\users\jose_\documents\visual studio 2015\projects\progra_2\progra_2\x64\debug\progra_2.res
c:\users\jose_\documents\visual studio 2015\projects\progra_2\progra_2\x64\debug\progra_2.tlog\cl.command.1.tlog
c:\users\jose_\documents\visual studio 2015\projects\progra_2\progra_2\x64\debug\progra_2.tlog\cl.read.1.tlog
c:\users\jose_\documents\visual studio 2015\projects\progra_2\progra_2\x64\debug\progra_2.tlog\cl.write.1.tlog
c:\users\jose_\documents\visual studio 2015\projects\progra_2\progra_2\x64\debug\progra_2.tlog\link.command.1.tlog
c:\users\jose_\documents\visual studio 2015\projects\progra_2\progra_2\x64\debug\progra_2.tlog\link.read.1.tlog
c:\users\jose_\documents\visual studio 2015\projects\progra_2\progra_2\x64\debug\progra_2.tlog\link.write.1.tlog
c:\users\jose_\documents\visual studio 2015\projects\progra_2\progra_2\x64\debug\progra_2.tlog\progra_2.write.1u.tlog
c:\users\jose_\documents\visual studio 2015\projects\progra_2\progra_2\x64\debug\progra_2.tlog\rc.command.1.tlog
c:\users\jose_\documents\visual studio 2015\projects\progra_2\progra_2\x64\debug\progra_2.tlog\rc.read.1.tlog
c:\users\jose_\documents\visual studio 2015\projects\progra_2\progra_2\x64\debug\progra_2.tlog\rc.write.1.tlog
